[0.210s] DEBUG:colcon:Command line arguments: ['/usr/bin/colcon', 'build']
[0.210s] DEBUG:colcon:Parsed command line arguments: Namespace(log_base=None, log_level=None, verb_name='build', build_base='build', install_base='install', merge_install=False, symlink_install=False, test_result_base=None, continue_on_error=False, executor='parallel', parallel_workers=8, event_handlers=None, ignore_user_meta=False, metas=['./colcon.meta'], base_paths=['.'], packages_ignore=None, packages_ignore_regex=None, paths=None, packages_up_to=None, packages_up_to_regex=None, packages_above=None, packages_above_and_dependencies=None, packages_above_depth=None, packages_select_by_dep=None, packages_skip_by_dep=None, packages_skip_up_to=None, packages_select_build_failed=False, packages_skip_build_finished=False, packages_select_test_failures=False, packages_skip_test_passed=False, packages_select=None, packages_skip=None, packages_select_regex=None, packages_skip_regex=None, packages_start=None, packages_end=None, allow_overriding=[], cmake_args=None, cmake_target=None, cmake_target_skip_unavailable=False, cmake_clean_cache=False, cmake_clean_first=False, cmake_force_configure=False, ament_cmake_args=None, catkin_cmake_args=None, catkin_skip_building_tests=False, verb_parser=<colcon_defaults.argument_parser.defaults.DefaultArgumentsDecorator object at 0x7f08d07455a0>, verb_extension=<colcon_core.verb.build.BuildVerb object at 0x7f08d106cd30>, main=<bound method BuildVerb.main of <colcon_core.verb.build.BuildVerb object at 0x7f08d106cd30>>)
[0.224s] Level 1:colcon.colcon_core.package_discovery:discover_packages(colcon_meta) check parameters
[0.224s] Level 1:colcon.colcon_core.package_discovery:discover_packages(recursive) check parameters
[0.224s] Level 1:colcon.colcon_core.package_discovery:discover_packages(ignore) check parameters
[0.224s] Level 1:colcon.colcon_core.package_discovery:discover_packages(path) check parameters
[0.224s] Level 1:colcon.colcon_core.package_discovery:discover_packages(colcon_meta) discover
[0.225s] Level 1:colcon.colcon_core.package_discovery:discover_packages(recursive) discover
[0.225s] INFO:colcon.colcon_core.package_discovery:Crawling recursively for packages in '/home/setsu/ros2_ws/src/person_msg'
[0.225s] Level 1:colcon.colcon_core.package_identification:_identify(.) by extensions ['ignore', 'ignore_ament_install']
[0.225s] Level 1:colcon.colcon_core.package_identification:_identify(.) by extension 'ignore'
[0.225s] Level 1:colcon.colcon_core.package_identification:_identify(.) by extension 'ignore_ament_install'
[0.225s] Level 1:colcon.colcon_core.package_identification:_identify(.) by extensions ['colcon_pkg']
[0.225s] Level 1:colcon.colcon_core.package_identification:_identify(.) by extension 'colcon_pkg'
[0.225s] Level 1:colcon.colcon_core.package_identification:_identify(.) by extensions ['colcon_meta']
[0.225s] Level 1:colcon.colcon_core.package_identification:_identify(.) by extension 'colcon_meta'
[0.225s] Level 1:colcon.colcon_core.package_identification:_identify(.) by extensions ['ros']
[0.225s] Level 1:colcon.colcon_core.package_identification:_identify(.) by extension 'ros'
[0.240s] DEBUG:colcon.colcon_core.package_identification:Package '.' with type 'ros.ament_cmake' and name 'person_msg'
[0.240s] Level 1:colcon.colcon_core.package_discovery:discover_packages(recursive) using defaults
[0.240s] Level 1:colcon.colcon_core.package_discovery:discover_packages(ignore) discover
[0.240s] Level 1:colcon.colcon_core.package_discovery:discover_packages(ignore) using defaults
[0.240s] Level 1:colcon.colcon_core.package_discovery:discover_packages(path) discover
[0.240s] Level 1:colcon.colcon_core.package_discovery:discover_packages(path) using defaults
[0.255s] Level 1:colcon.colcon_core.package_discovery:discover_packages(prefix_path) check parameters
[0.255s] Level 1:colcon.colcon_core.package_discovery:discover_packages(prefix_path) discover
[0.256s] DEBUG:colcon.colcon_installed_package_information.package_discovery:Found 2 installed packages in /home/setsu/ros2_ws/install
[0.257s] DEBUG:colcon.colcon_installed_package_information.package_discovery:Found 270 installed packages in /opt/ros/humble
[0.258s] Level 1:colcon.colcon_core.package_discovery:discover_packages(prefix_path) using defaults
[0.291s] Level 5:colcon.colcon_core.verb:set package 'person_msg' build argument 'cmake_args' from command line to 'None'
[0.292s] Level 5:colcon.colcon_core.verb:set package 'person_msg' build argument 'cmake_target' from command line to 'None'
[0.292s] Level 5:colcon.colcon_core.verb:set package 'person_msg' build argument 'cmake_target_skip_unavailable' from command line to 'False'
[0.292s] Level 5:colcon.colcon_core.verb:set package 'person_msg' build argument 'cmake_clean_cache' from command line to 'False'
[0.292s] Level 5:colcon.colcon_core.verb:set package 'person_msg' build argument 'cmake_clean_first' from command line to 'False'
[0.292s] Level 5:colcon.colcon_core.verb:set package 'person_msg' build argument 'cmake_force_configure' from command line to 'False'
[0.292s] Level 5:colcon.colcon_core.verb:set package 'person_msg' build argument 'ament_cmake_args' from command line to 'None'
[0.292s] Level 5:colcon.colcon_core.verb:set package 'person_msg' build argument 'catkin_cmake_args' from command line to 'None'
[0.292s] Level 5:colcon.colcon_core.verb:set package 'person_msg' build argument 'catkin_skip_building_tests' from command line to 'False'
[0.292s] DEBUG:colcon.colcon_core.verb:Building package 'person_msg' with the following arguments: {'ament_cmake_args': None, 'build_base': '/home/setsu/ros2_ws/src/person_msg/build/person_msg', 'catkin_cmake_args': None, 'catkin_skip_building_tests': False, 'cmake_args': None, 'cmake_clean_cache': False, 'cmake_clean_first': False, 'cmake_force_configure': False, 'cmake_target': None, 'cmake_target_skip_unavailable': False, 'install_base': '/home/setsu/ros2_ws/src/person_msg/install/person_msg', 'merge_install': False, 'path': '/home/setsu/ros2_ws/src/person_msg', 'symlink_install': False, 'test_result_base': None}
[0.292s] INFO:colcon.colcon_core.executor:Executing jobs using 'parallel' executor
[0.295s] DEBUG:colcon.colcon_parallel_executor.executor.parallel:run_until_complete
[0.295s] INFO:colcon.colcon_ros.task.ament_cmake.build:Building ROS package in '/home/setsu/ros2_ws/src/person_msg' with build type 'ament_cmake'
[0.295s] INFO:colcon.colcon_cmake.task.cmake.build:Building CMake package in '/home/setsu/ros2_ws/src/person_msg'
[0.298s] INFO:colcon.colcon_core.plugin_system:Skipping extension 'colcon_core.shell.bat': Not used on non-Windows systems
[0.298s] INFO:colcon.colcon_core.shell:Skip shell extension 'powershell' for command environment: Not usable outside of PowerShell
[0.298s] DEBUG:colcon.colcon_core.shell:Skip shell extension 'dsv' for command environment
[0.306s] DEBUG:colcon.colcon_core.event_handler.log_command:Invoking command in '/home/setsu/ros2_ws/src/person_msg/build/person_msg': CMAKE_PREFIX_PATH=/home/setsu/ros2_ws/install/mypkg:/opt/ros/humble /usr/bin/cmake /home/setsu/ros2_ws/src/person_msg -DCMAKE_INSTALL_PREFIX=/home/setsu/ros2_ws/src/person_msg/install/person_msg
[1.272s] DEBUG:colcon.colcon_core.event_handler.log_command:Invoked command in '/home/setsu/ros2_ws/src/person_msg/build/person_msg' returned '0': CMAKE_PREFIX_PATH=/home/setsu/ros2_ws/install/mypkg:/opt/ros/humble /usr/bin/cmake /home/setsu/ros2_ws/src/person_msg -DCMAKE_INSTALL_PREFIX=/home/setsu/ros2_ws/src/person_msg/install/person_msg
[1.273s] DEBUG:colcon.colcon_core.event_handler.log_command:Invoking command in '/home/setsu/ros2_ws/src/person_msg/build/person_msg': CMAKE_PREFIX_PATH=/home/setsu/ros2_ws/install/mypkg:/opt/ros/humble /usr/bin/cmake --build /home/setsu/ros2_ws/src/person_msg/build/person_msg -- -j8 -l8
[2.789s] DEBUG:colcon.colcon_core.event_handler.log_command:Invoked command in '/home/setsu/ros2_ws/src/person_msg/build/person_msg' returned '0': CMAKE_PREFIX_PATH=/home/setsu/ros2_ws/install/mypkg:/opt/ros/humble /usr/bin/cmake --build /home/setsu/ros2_ws/src/person_msg/build/person_msg -- -j8 -l8
[2.829s] DEBUG:colcon.colcon_core.event_handler.log_command:Invoking command in '/home/setsu/ros2_ws/src/person_msg/build/person_msg': CMAKE_PREFIX_PATH=/home/setsu/ros2_ws/install/mypkg:/opt/ros/humble /usr/bin/cmake --install /home/setsu/ros2_ws/src/person_msg/build/person_msg
[2.871s] Level 1:colcon.colcon_core.environment:create_environment_scripts_only(person_msg)
[2.873s] DEBUG:colcon.colcon_core.event_handler.log_command:Invoked command in '/home/setsu/ros2_ws/src/person_msg/build/person_msg' returned '0': CMAKE_PREFIX_PATH=/home/setsu/ros2_ws/install/mypkg:/opt/ros/humble /usr/bin/cmake --install /home/setsu/ros2_ws/src/person_msg/build/person_msg
[2.875s] Level 1:colcon.colcon_core.environment:checking '/home/setsu/ros2_ws/src/person_msg/install/person_msg' for CMake module files
[2.875s] Level 1:colcon.colcon_core.environment:checking '/home/setsu/ros2_ws/src/person_msg/install/person_msg' for CMake config files
[2.875s] Level 1:colcon.colcon_core.shell:create_environment_hook('person_msg', 'cmake_prefix_path')
[2.876s] INFO:colcon.colcon_core.shell:Creating environment hook '/home/setsu/ros2_ws/src/person_msg/install/person_msg/share/person_msg/hook/cmake_prefix_path.ps1'
[2.876s] INFO:colcon.colcon_core.shell:Creating environment descriptor '/home/setsu/ros2_ws/src/person_msg/install/person_msg/share/person_msg/hook/cmake_prefix_path.dsv'
[2.877s] INFO:colcon.colcon_core.shell:Creating environment hook '/home/setsu/ros2_ws/src/person_msg/install/person_msg/share/person_msg/hook/cmake_prefix_path.sh'
[2.877s] Level 1:colcon.colcon_core.environment:checking '/home/setsu/ros2_ws/src/person_msg/install/person_msg/lib'
[2.877s] Level 1:colcon.colcon_core.shell:create_environment_hook('person_msg', 'ld_library_path_lib')
[2.878s] INFO:colcon.colcon_core.shell:Creating environment hook '/home/setsu/ros2_ws/src/person_msg/install/person_msg/share/person_msg/hook/ld_library_path_lib.ps1'
[2.878s] INFO:colcon.colcon_core.shell:Creating environment descriptor '/home/setsu/ros2_ws/src/person_msg/install/person_msg/share/person_msg/hook/ld_library_path_lib.dsv'
[2.878s] INFO:colcon.colcon_core.shell:Creating environment hook '/home/setsu/ros2_ws/src/person_msg/install/person_msg/share/person_msg/hook/ld_library_path_lib.sh'
[2.878s] Level 1:colcon.colcon_core.environment:checking '/home/setsu/ros2_ws/src/person_msg/install/person_msg/bin'
[2.878s] Level 1:colcon.colcon_core.environment:checking '/home/setsu/ros2_ws/src/person_msg/install/person_msg/lib/pkgconfig/person_msg.pc'
[2.878s] Level 1:colcon.colcon_core.environment:checking '/home/setsu/ros2_ws/src/person_msg/install/person_msg/lib/python3.10/site-packages'
[2.879s] Level 1:colcon.colcon_core.environment:checking '/home/setsu/ros2_ws/src/person_msg/install/person_msg/bin'
[2.879s] INFO:colcon.colcon_core.shell:Creating package script '/home/setsu/ros2_ws/src/person_msg/install/person_msg/share/person_msg/package.ps1'
[2.880s] INFO:colcon.colcon_core.shell:Creating package descriptor '/home/setsu/ros2_ws/src/person_msg/install/person_msg/share/person_msg/package.dsv'
[2.880s] INFO:colcon.colcon_core.shell:Creating package script '/home/setsu/ros2_ws/src/person_msg/install/person_msg/share/person_msg/package.sh'
[2.881s] INFO:colcon.colcon_core.shell:Creating package script '/home/setsu/ros2_ws/src/person_msg/install/person_msg/share/person_msg/package.bash'
[2.881s] INFO:colcon.colcon_core.shell:Creating package script '/home/setsu/ros2_ws/src/person_msg/install/person_msg/share/person_msg/package.zsh'
[2.881s] Level 1:colcon.colcon_core.environment:create_file_with_runtime_dependencies(/home/setsu/ros2_ws/src/person_msg/install/person_msg/share/colcon-core/packages/person_msg)
[2.920s] Level 1:colcon.colcon_core.environment:create_environment_scripts_only(person_msg)
[2.921s] Level 1:colcon.colcon_core.environment:checking '/home/setsu/ros2_ws/src/person_msg/install/person_msg' for CMake module files
[2.921s] Level 1:colcon.colcon_core.environment:checking '/home/setsu/ros2_ws/src/person_msg/install/person_msg' for CMake config files
[2.921s] Level 1:colcon.colcon_core.shell:create_environment_hook('person_msg', 'cmake_prefix_path')
[2.922s] INFO:colcon.colcon_core.shell:Creating environment hook '/home/setsu/ros2_ws/src/person_msg/install/person_msg/share/person_msg/hook/cmake_prefix_path.ps1'
[2.922s] INFO:colcon.colcon_core.shell:Creating environment descriptor '/home/setsu/ros2_ws/src/person_msg/install/person_msg/share/person_msg/hook/cmake_prefix_path.dsv'
[2.922s] INFO:colcon.colcon_core.shell:Creating environment hook '/home/setsu/ros2_ws/src/person_msg/install/person_msg/share/person_msg/hook/cmake_prefix_path.sh'
[2.923s] Level 1:colcon.colcon_core.environment:checking '/home/setsu/ros2_ws/src/person_msg/install/person_msg/lib'
[2.923s] Level 1:colcon.colcon_core.shell:create_environment_hook('person_msg', 'ld_library_path_lib')
[2.924s] INFO:colcon.colcon_core.shell:Creating environment hook '/home/setsu/ros2_ws/src/person_msg/install/person_msg/share/person_msg/hook/ld_library_path_lib.ps1'
[2.924s] INFO:colcon.colcon_core.shell:Creating environment descriptor '/home/setsu/ros2_ws/src/person_msg/install/person_msg/share/person_msg/hook/ld_library_path_lib.dsv'
[2.924s] INFO:colcon.colcon_core.shell:Creating environment hook '/home/setsu/ros2_ws/src/person_msg/install/person_msg/share/person_msg/hook/ld_library_path_lib.sh'
[2.924s] Level 1:colcon.colcon_core.environment:checking '/home/setsu/ros2_ws/src/person_msg/install/person_msg/bin'
[2.924s] Level 1:colcon.colcon_core.environment:checking '/home/setsu/ros2_ws/src/person_msg/install/person_msg/lib/pkgconfig/person_msg.pc'
[2.924s] Level 1:colcon.colcon_core.environment:checking '/home/setsu/ros2_ws/src/person_msg/install/person_msg/lib/python3.10/site-packages'
[2.924s] Level 1:colcon.colcon_core.environment:checking '/home/setsu/ros2_ws/src/person_msg/install/person_msg/bin'
[2.925s] INFO:colcon.colcon_core.shell:Creating package script '/home/setsu/ros2_ws/src/person_msg/install/person_msg/share/person_msg/package.ps1'
[2.925s] INFO:colcon.colcon_core.shell:Creating package descriptor '/home/setsu/ros2_ws/src/person_msg/install/person_msg/share/person_msg/package.dsv'
[2.926s] INFO:colcon.colcon_core.shell:Creating package script '/home/setsu/ros2_ws/src/person_msg/install/person_msg/share/person_msg/package.sh'
[2.926s] INFO:colcon.colcon_core.shell:Creating package script '/home/setsu/ros2_ws/src/person_msg/install/person_msg/share/person_msg/package.bash'
[2.926s] INFO:colcon.colcon_core.shell:Creating package script '/home/setsu/ros2_ws/src/person_msg/install/person_msg/share/person_msg/package.zsh'
[2.926s] Level 1:colcon.colcon_core.environment:create_file_with_runtime_dependencies(/home/setsu/ros2_ws/src/person_msg/install/person_msg/share/colcon-core/packages/person_msg)
[2.927s] DEBUG:colcon.colcon_parallel_executor.executor.parallel:closing loop
[2.927s] DEBUG:colcon.colcon_parallel_executor.executor.parallel:loop closed
[2.927s] DEBUG:colcon.colcon_parallel_executor.executor.parallel:run_until_complete finished with '0'
[2.927s] DEBUG:colcon.colcon_core.event_reactor:joining thread
[2.949s] INFO:colcon.colcon_core.plugin_system:Skipping extension 'colcon_notification.desktop_notification.notify_send': Could not find 'notify-send'
[2.949s] INFO:colcon.colcon_core.plugin_system:Skipping extension 'colcon_notification.desktop_notification.terminal_notifier': Not used on non-Darwin systems
[2.949s] INFO:colcon.colcon_core.plugin_system:Skipping extension 'colcon_notification.desktop_notification.win32': Not used on non-Windows systems
[2.949s] INFO:colcon.colcon_notification.desktop_notification:Sending desktop notification using 'notify2'
[2.949s] DEBUG:colcon.colcon_notification.desktop_notification.notify2:Failed to initialize notify2: org.freedesktop.DBus.Error.NotSupported: Unable to autolaunch a dbus-daemon without a $DISPLAY for X11
[2.949s] DEBUG:colcon.colcon_core.event_reactor:joined thread
[2.950s] INFO:colcon.colcon_core.shell:Creating prefix script '/home/setsu/ros2_ws/src/person_msg/install/local_setup.ps1'
[2.951s] INFO:colcon.colcon_core.shell:Creating prefix util module '/home/setsu/ros2_ws/src/person_msg/install/_local_setup_util_ps1.py'
[2.952s] INFO:colcon.colcon_core.shell:Creating prefix chain script '/home/setsu/ros2_ws/src/person_msg/install/setup.ps1'
[2.953s] INFO:colcon.colcon_core.shell:Creating prefix script '/home/setsu/ros2_ws/src/person_msg/install/local_setup.sh'
[2.953s] INFO:colcon.colcon_core.shell:Creating prefix util module '/home/setsu/ros2_ws/src/person_msg/install/_local_setup_util_sh.py'
[2.954s] INFO:colcon.colcon_core.shell:Creating prefix chain script '/home/setsu/ros2_ws/src/person_msg/install/setup.sh'
[2.954s] INFO:colcon.colcon_core.shell:Creating prefix script '/home/setsu/ros2_ws/src/person_msg/install/local_setup.bash'
[2.955s] INFO:colcon.colcon_core.shell:Creating prefix chain script '/home/setsu/ros2_ws/src/person_msg/install/setup.bash'
[2.955s] INFO:colcon.colcon_core.shell:Creating prefix script '/home/setsu/ros2_ws/src/person_msg/install/local_setup.zsh'
[2.956s] INFO:colcon.colcon_core.shell:Creating prefix chain script '/home/setsu/ros2_ws/src/person_msg/install/setup.zsh'
