[0.010s] Invoking command in '/home/setsu/ros2_ws/src/person_msg/build/person_msg': CMAKE_PREFIX_PATH=/home/setsu/ros2_ws/install/mypkg:/opt/ros/humble /usr/bin/cmake /home/setsu/ros2_ws/src/person_msg -DCMAKE_INSTALL_PREFIX=/home/setsu/ros2_ws/src/person_msg/install/person_msg
[0.015s] -- Found ament_cmake: 1.3.2 (/opt/ros/humble/share/ament_cmake/cmake)
[0.100s] -- Found rosidl_default_generators: 1.2.0 (/opt/ros/humble/share/rosidl_default_generators/cmake)
[0.101s] -- Using all available rosidl_typesupport_c: rosidl_typesupport_fastrtps_c;rosidl_typesupport_introspection_c
[0.103s] -- Found rosidl_adapter: 3.1.3 (/opt/ros/humble/share/rosidl_adapter/cmake)
[0.178s] -- Using all available rosidl_typesupport_cpp: rosidl_typesupport_fastrtps_cpp;rosidl_typesupport_introspection_cpp
[0.350s] -- Found ament_cmake_ros: 0.10.0 (/opt/ros/humble/share/ament_cmake_ros/cmake)
[0.474s] -- Using all available rosidl_typesupport_c: rosidl_typesupport_fastrtps_c;rosidl_typesupport_introspection_c
[0.623s] -- Using all available rosidl_typesupport_cpp: rosidl_typesupport_fastrtps_cpp;rosidl_typesupport_introspection_cpp
[0.688s] -- Found PythonInterp: /usr/bin/python3 (found suitable version "3.10.6", minimum required is "3.6") 
[0.691s] -- Found python_cmake_module: 0.10.0 (/opt/ros/humble/share/python_cmake_module/cmake)
[0.860s] -- Found PythonLibs: /usr/lib/x86_64-linux-gnu/libpython3.10.so (found suitable version "3.10.6", minimum required is "3.5") 
[0.860s] -- Using PYTHON_EXECUTABLE: /usr/bin/python3
[0.860s] -- Using PYTHON_INCLUDE_DIRS: /usr/include/python3.10
[0.860s] -- Using PYTHON_LIBRARIES: /usr/lib/x86_64-linux-gnu/libpython3.10.so
[0.874s] -- Found PythonExtra: .so  
[0.917s] -- Found ament_lint_auto: 0.12.4 (/opt/ros/humble/share/ament_lint_auto/cmake)
[0.943s] -- Added test 'cppcheck' to perform static code analysis on C / C++ code
[0.943s] -- Configured cppcheck include dirs: $<BUILD_INTERFACE:/home/setsu/ros2_ws/src/person_msg/build/person_msg/rosidl_generator_c>;$<BUILD_INTERFACE:/home/setsu/ros2_ws/src/person_msg/build/person_msg/rosidl_typesupport_fastrtps_c>;$<BUILD_INTERFACE:/home/setsu/ros2_ws/src/person_msg/build/person_msg/rosidl_typesupport_introspection_c>;$<BUILD_INTERFACE:/home/setsu/ros2_ws/src/person_msg/build/person_msg/rosidl_generator_cpp>;$<BUILD_INTERFACE:/home/setsu/ros2_ws/src/person_msg/build/person_msg/rosidl_typesupport_fastrtps_cpp>;$<BUILD_INTERFACE:/home/setsu/ros2_ws/src/person_msg/build/person_msg/rosidl_typesupport_introspection_cpp>;/home/setsu/ros2_ws/src/person_msg/build/person_msg/rosidl_generator_c;/home/setsu/ros2_ws/src/person_msg/build/person_msg/rosidl_generator_py
[0.944s] -- Configured cppcheck exclude dirs and/or files: 
[0.945s] -- Added test 'flake8' to check Python code syntax and style conventions
[0.946s] -- Added test 'lint_cmake' to check CMake code style
[0.947s] -- Added test 'pep257' to check Python code against some of the docstring style conventions in PEP 257
[0.950s] -- Added test 'uncrustify' to check C / C++ code style
[0.950s] -- Configured uncrustify additional arguments: 
[0.952s] -- Added test 'xmllint' to check XML markup files
[0.954s] -- Configuring done
[0.969s] -- Generating done
[0.971s] -- Build files have been written to: /home/setsu/ros2_ws/src/person_msg/build/person_msg
[0.975s] Invoked command in '/home/setsu/ros2_ws/src/person_msg/build/person_msg' returned '0': CMAKE_PREFIX_PATH=/home/setsu/ros2_ws/install/mypkg:/opt/ros/humble /usr/bin/cmake /home/setsu/ros2_ws/src/person_msg -DCMAKE_INSTALL_PREFIX=/home/setsu/ros2_ws/src/person_msg/install/person_msg
[0.977s] Invoking command in '/home/setsu/ros2_ws/src/person_msg/build/person_msg': CMAKE_PREFIX_PATH=/home/setsu/ros2_ws/install/mypkg:/opt/ros/humble /usr/bin/cmake --build /home/setsu/ros2_ws/src/person_msg/build/person_msg -- -j8 -l8
[0.997s] [  3%] [34m[1mGenerating C code for ROS interfaces[0m
[1.003s] [  6%] [34m[1mGenerating C++ code for ROS interfaces[0m
[1.010s] [  6%] Built target ament_cmake_python_copy_person_msg
[1.176s] running egg_info
[1.176s] creating person_msg.egg-info
[1.176s] writing person_msg.egg-info/PKG-INFO
[1.177s] writing dependency_links to person_msg.egg-info/dependency_links.txt
[1.177s] writing top-level names to person_msg.egg-info/top_level.txt
[1.177s] writing manifest file 'person_msg.egg-info/SOURCES.txt'
[1.178s] reading manifest file 'person_msg.egg-info/SOURCES.txt'
[1.179s] writing manifest file 'person_msg.egg-info/SOURCES.txt'
[1.188s] [  9%] [32mBuilding C object CMakeFiles/person_msg__rosidl_generator_c.dir/rosidl_generator_c/person_msg/msg/detail/person__functions.c.o[0m
[1.189s] [  9%] Built target person_msg__cpp
[1.196s] [ 12%] [34m[1mGenerating C++ type support for eProsima Fast-RTPS[0m
[1.196s] [ 19%] [34m[1mGenerating C++ type support dispatch for ROS interfaces[0m
[1.196s] [ 19%] [34m[1mGenerating C++ introspection for ROS interfaces[0m
[1.202s] [ 19%] Built target ament_cmake_python_build_person_msg_egg
[1.254s] [ 22%] [32m[1mLinking C shared library libperson_msg__rosidl_generator_c.so[0m
[1.313s] [ 22%] Built target person_msg__rosidl_generator_c
[1.318s] [ 25%] [34m[1mGenerating C type support for eProsima Fast-RTPS[0m
[1.318s] [ 29%] [34m[1mGenerating C type support dispatch for ROS interfaces[0m
[1.319s] [ 32%] [34m[1mGenerating C introspection for ROS interfaces[0m
[1.405s] [ 35%] [32mBuilding CXX object CMakeFiles/person_msg__rosidl_typesupport_fastrtps_cpp.dir/rosidl_typesupport_fastrtps_cpp/person_msg/msg/detail/dds_fastrtps/person__type_support.cpp.o[0m
[1.410s] [ 38%] [32mBuilding CXX object CMakeFiles/person_msg__rosidl_typesupport_cpp.dir/rosidl_typesupport_cpp/person_msg/msg/person__type_support.cpp.o[0m
[1.447s] [ 41%] [32mBuilding CXX object CMakeFiles/person_msg__rosidl_typesupport_introspection_cpp.dir/rosidl_typesupport_introspection_cpp/person_msg/msg/detail/person__type_support.cpp.o[0m
[1.552s] [ 45%] [32mBuilding CXX object CMakeFiles/person_msg__rosidl_typesupport_c.dir/rosidl_typesupport_c/person_msg/msg/person__type_support.cpp.o[0m
[1.552s] [ 48%] [32mBuilding CXX object CMakeFiles/person_msg__rosidl_typesupport_fastrtps_c.dir/rosidl_typesupport_fastrtps_c/person_msg/msg/detail/person__type_support_c.cpp.o[0m
[1.559s] [ 51%] [32mBuilding C object CMakeFiles/person_msg__rosidl_typesupport_introspection_c.dir/rosidl_typesupport_introspection_c/person_msg/msg/detail/person__type_support.c.o[0m
[1.580s] [ 54%] [32m[1mLinking CXX shared library libperson_msg__rosidl_typesupport_c.so[0m
[1.588s] [ 58%] [32m[1mLinking C shared library libperson_msg__rosidl_typesupport_introspection_c.so[0m
[1.666s] [ 58%] Built target person_msg__rosidl_typesupport_introspection_c
[1.672s] [ 58%] Built target person_msg__rosidl_typesupport_c
[1.701s] [ 61%] [32m[1mLinking CXX shared library libperson_msg__rosidl_typesupport_cpp.so[0m
[1.765s] [ 61%] Built target person_msg__rosidl_typesupport_cpp
[1.795s] [ 64%] [32m[1mLinking CXX shared library libperson_msg__rosidl_typesupport_introspection_cpp.so[0m
[1.810s] [ 67%] [32m[1mLinking CXX shared library libperson_msg__rosidl_typesupport_fastrtps_cpp.so[0m
[1.837s] [ 70%] [32m[1mLinking CXX shared library libperson_msg__rosidl_typesupport_fastrtps_c.so[0m
[1.902s] [ 70%] Built target person_msg__rosidl_typesupport_introspection_cpp
[1.907s] [ 70%] Built target person_msg__rosidl_typesupport_fastrtps_cpp
[1.923s] [ 70%] Built target person_msg__rosidl_typesupport_fastrtps_c
[1.933s] [ 70%] Built target person_msg
[1.944s] [ 74%] [34m[1mGenerating Python code for ROS interfaces[0m
[2.176s] [ 74%] Built target person_msg__py
[2.186s] [ 77%] [32mBuilding C object CMakeFiles/person_msg__rosidl_generator_py.dir/rosidl_generator_py/person_msg/msg/_person_s.c.o[0m
[2.309s] [ 80%] [32m[1mLinking C shared library rosidl_generator_py/person_msg/libperson_msg__rosidl_generator_py.so[0m
[2.364s] [ 80%] Built target person_msg__rosidl_generator_py
[2.376s] [ 90%] [32mBuilding C object CMakeFiles/person_msg__rosidl_typesupport_c__pyext.dir/rosidl_generator_py/person_msg/_person_msg_s.ep.rosidl_typesupport_c.c.o[0m
[2.376s] [ 90%] [32mBuilding C object CMakeFiles/person_msg__rosidl_typesupport_introspection_c__pyext.dir/rosidl_generator_py/person_msg/_person_msg_s.ep.rosidl_typesupport_introspection_c.c.o[0m
[2.376s] [ 90%] [32mBuilding C object CMakeFiles/person_msg__rosidl_typesupport_fastrtps_c__pyext.dir/rosidl_generator_py/person_msg/_person_msg_s.ep.rosidl_typesupport_fastrtps_c.c.o[0m
[2.435s] [ 93%] [32m[1mLinking C shared library rosidl_generator_py/person_msg/person_msg_s__rosidl_typesupport_c.cpython-310-x86_64-linux-gnu.so[0m
[2.438s] [ 96%] [32m[1mLinking C shared library rosidl_generator_py/person_msg/person_msg_s__rosidl_typesupport_introspection_c.cpython-310-x86_64-linux-gnu.so[0m
[2.439s] [100%] [32m[1mLinking C shared library rosidl_generator_py/person_msg/person_msg_s__rosidl_typesupport_fastrtps_c.cpython-310-x86_64-linux-gnu.so[0m
[2.485s] [100%] Built target person_msg__rosidl_typesupport_fastrtps_c__pyext
[2.485s] [100%] Built target person_msg__rosidl_typesupport_c__pyext
[2.485s] [100%] Built target person_msg__rosidl_typesupport_introspection_c__pyext
[2.492s] Invoked command in '/home/setsu/ros2_ws/src/person_msg/build/person_msg' returned '0': CMAKE_PREFIX_PATH=/home/setsu/ros2_ws/install/mypkg:/opt/ros/humble /usr/bin/cmake --build /home/setsu/ros2_ws/src/person_msg/build/person_msg -- -j8 -l8
[2.533s] Invoking command in '/home/setsu/ros2_ws/src/person_msg/build/person_msg': CMAKE_PREFIX_PATH=/home/setsu/ros2_ws/install/mypkg:/opt/ros/humble /usr/bin/cmake --install /home/setsu/ros2_ws/src/person_msg/build/person_msg
[2.536s] -- Install configuration: ""
[2.537s] -- Installing: /home/setsu/ros2_ws/src/person_msg/install/person_msg/share/ament_index/resource_index/rosidl_interfaces/person_msg
[2.537s] -- Installing: /home/setsu/ros2_ws/src/person_msg/install/person_msg/include/person_msg/person_msg
[2.537s] -- Installing: /home/setsu/ros2_ws/src/person_msg/install/person_msg/include/person_msg/person_msg/msg
[2.537s] -- Installing: /home/setsu/ros2_ws/src/person_msg/install/person_msg/include/person_msg/person_msg/msg/person.h
[2.537s] -- Installing: /home/setsu/ros2_ws/src/person_msg/install/person_msg/include/person_msg/person_msg/msg/rosidl_generator_c__visibility_control.h
[2.538s] -- Installing: /home/setsu/ros2_ws/src/person_msg/install/person_msg/include/person_msg/person_msg/msg/detail
[2.538s] -- Installing: /home/setsu/ros2_ws/src/person_msg/install/person_msg/include/person_msg/person_msg/msg/detail/person__functions.c
[2.538s] -- Installing: /home/setsu/ros2_ws/src/person_msg/install/person_msg/include/person_msg/person_msg/msg/detail/person__type_support.h
[2.538s] -- Installing: /home/setsu/ros2_ws/src/person_msg/install/person_msg/include/person_msg/person_msg/msg/detail/person__functions.h
[2.538s] -- Installing: /home/setsu/ros2_ws/src/person_msg/install/person_msg/include/person_msg/person_msg/msg/detail/person__struct.h
[2.538s] -- Installing: /home/setsu/ros2_ws/src/person_msg/install/person_msg/share/person_msg/environment/library_path.sh
[2.538s] -- Installing: /home/setsu/ros2_ws/src/person_msg/install/person_msg/share/person_msg/environment/library_path.dsv
[2.538s] -- Installing: /home/setsu/ros2_ws/src/person_msg/install/person_msg/lib/libperson_msg__rosidl_generator_c.so
[2.539s] -- Set runtime path of "/home/setsu/ros2_ws/src/person_msg/install/person_msg/lib/libperson_msg__rosidl_generator_c.so" to ""
[2.539s] -- Up-to-date: /home/setsu/ros2_ws/src/person_msg/install/person_msg/include/person_msg/person_msg
[2.539s] -- Up-to-date: /home/setsu/ros2_ws/src/person_msg/install/person_msg/include/person_msg/person_msg/msg
[2.539s] -- Installing: /home/setsu/ros2_ws/src/person_msg/install/person_msg/include/person_msg/person_msg/msg/rosidl_typesupport_fastrtps_c__visibility_control.h
[2.539s] -- Up-to-date: /home/setsu/ros2_ws/src/person_msg/install/person_msg/include/person_msg/person_msg/msg/detail
[2.539s] -- Installing: /home/setsu/ros2_ws/src/person_msg/install/person_msg/include/person_msg/person_msg/msg/detail/person__rosidl_typesupport_fastrtps_c.h
[2.539s] -- Installing: /home/setsu/ros2_ws/src/person_msg/install/person_msg/lib/libperson_msg__rosidl_typesupport_fastrtps_c.so
[2.539s] -- Set runtime path of "/home/setsu/ros2_ws/src/person_msg/install/person_msg/lib/libperson_msg__rosidl_typesupport_fastrtps_c.so" to ""
[2.539s] -- Up-to-date: /home/setsu/ros2_ws/src/person_msg/install/person_msg/include/person_msg/person_msg
[2.539s] -- Up-to-date: /home/setsu/ros2_ws/src/person_msg/install/person_msg/include/person_msg/person_msg/msg
[2.539s] -- Installing: /home/setsu/ros2_ws/src/person_msg/install/person_msg/include/person_msg/person_msg/msg/rosidl_typesupport_introspection_c__visibility_control.h
[2.539s] -- Up-to-date: /home/setsu/ros2_ws/src/person_msg/install/person_msg/include/person_msg/person_msg/msg/detail
[2.539s] -- Installing: /home/setsu/ros2_ws/src/person_msg/install/person_msg/include/person_msg/person_msg/msg/detail/person__type_support.c
[2.540s] -- Installing: /home/setsu/ros2_ws/src/person_msg/install/person_msg/include/person_msg/person_msg/msg/detail/person__rosidl_typesupport_introspection_c.h
[2.540s] -- Installing: /home/setsu/ros2_ws/src/person_msg/install/person_msg/lib/libperson_msg__rosidl_typesupport_introspection_c.so
[2.540s] -- Set runtime path of "/home/setsu/ros2_ws/src/person_msg/install/person_msg/lib/libperson_msg__rosidl_typesupport_introspection_c.so" to ""
[2.540s] -- Installing: /home/setsu/ros2_ws/src/person_msg/install/person_msg/lib/libperson_msg__rosidl_typesupport_c.so
[2.540s] -- Set runtime path of "/home/setsu/ros2_ws/src/person_msg/install/person_msg/lib/libperson_msg__rosidl_typesupport_c.so" to ""
[2.540s] -- Up-to-date: /home/setsu/ros2_ws/src/person_msg/install/person_msg/include/person_msg/person_msg
[2.540s] -- Up-to-date: /home/setsu/ros2_ws/src/person_msg/install/person_msg/include/person_msg/person_msg/msg
[2.540s] -- Installing: /home/setsu/ros2_ws/src/person_msg/install/person_msg/include/person_msg/person_msg/msg/person.hpp
[2.540s] -- Up-to-date: /home/setsu/ros2_ws/src/person_msg/install/person_msg/include/person_msg/person_msg/msg/detail
[2.540s] -- Installing: /home/setsu/ros2_ws/src/person_msg/install/person_msg/include/person_msg/person_msg/msg/detail/person__builder.hpp
[2.540s] -- Installing: /home/setsu/ros2_ws/src/person_msg/install/person_msg/include/person_msg/person_msg/msg/detail/person__traits.hpp
[2.541s] -- Installing: /home/setsu/ros2_ws/src/person_msg/install/person_msg/include/person_msg/person_msg/msg/detail/person__struct.hpp
[2.541s] -- Up-to-date: /home/setsu/ros2_ws/src/person_msg/install/person_msg/include/person_msg/person_msg
[2.541s] -- Up-to-date: /home/setsu/ros2_ws/src/person_msg/install/person_msg/include/person_msg/person_msg/msg
[2.541s] -- Installing: /home/setsu/ros2_ws/src/person_msg/install/person_msg/include/person_msg/person_msg/msg/rosidl_typesupport_fastrtps_cpp__visibility_control.h
[2.541s] -- Up-to-date: /home/setsu/ros2_ws/src/person_msg/install/person_msg/include/person_msg/person_msg/msg/detail
[2.541s] -- Installing: /home/setsu/ros2_ws/src/person_msg/install/person_msg/include/person_msg/person_msg/msg/detail/dds_fastrtps
[2.541s] -- Installing: /home/setsu/ros2_ws/src/person_msg/install/person_msg/include/person_msg/person_msg/msg/detail/person__rosidl_typesupport_fastrtps_cpp.hpp
[2.541s] -- Installing: /home/setsu/ros2_ws/src/person_msg/install/person_msg/lib/libperson_msg__rosidl_typesupport_fastrtps_cpp.so
[2.541s] -- Set runtime path of "/home/setsu/ros2_ws/src/person_msg/install/person_msg/lib/libperson_msg__rosidl_typesupport_fastrtps_cpp.so" to ""
[2.542s] -- Up-to-date: /home/setsu/ros2_ws/src/person_msg/install/person_msg/include/person_msg/person_msg
[2.542s] -- Up-to-date: /home/setsu/ros2_ws/src/person_msg/install/person_msg/include/person_msg/person_msg/msg
[2.542s] -- Up-to-date: /home/setsu/ros2_ws/src/person_msg/install/person_msg/include/person_msg/person_msg/msg/detail
[2.542s] -- Installing: /home/setsu/ros2_ws/src/person_msg/install/person_msg/include/person_msg/person_msg/msg/detail/person__rosidl_typesupport_introspection_cpp.hpp
[2.542s] -- Installing: /home/setsu/ros2_ws/src/person_msg/install/person_msg/include/person_msg/person_msg/msg/detail/person__type_support.cpp
[2.542s] -- Installing: /home/setsu/ros2_ws/src/person_msg/install/person_msg/lib/libperson_msg__rosidl_typesupport_introspection_cpp.so
[2.542s] -- Set runtime path of "/home/setsu/ros2_ws/src/person_msg/install/person_msg/lib/libperson_msg__rosidl_typesupport_introspection_cpp.so" to ""
[2.542s] -- Installing: /home/setsu/ros2_ws/src/person_msg/install/person_msg/lib/libperson_msg__rosidl_typesupport_cpp.so
[2.542s] -- Set runtime path of "/home/setsu/ros2_ws/src/person_msg/install/person_msg/lib/libperson_msg__rosidl_typesupport_cpp.so" to ""
[2.542s] -- Installing: /home/setsu/ros2_ws/src/person_msg/install/person_msg/share/person_msg/environment/pythonpath.sh
[2.542s] -- Installing: /home/setsu/ros2_ws/src/person_msg/install/person_msg/share/person_msg/environment/pythonpath.dsv
[2.542s] -- Installing: /home/setsu/ros2_ws/src/person_msg/install/person_msg/local/lib/python3.10/dist-packages/person_msg-0.0.0-py3.10.egg-info
[2.542s] -- Installing: /home/setsu/ros2_ws/src/person_msg/install/person_msg/local/lib/python3.10/dist-packages/person_msg-0.0.0-py3.10.egg-info/top_level.txt
[2.542s] -- Installing: /home/setsu/ros2_ws/src/person_msg/install/person_msg/local/lib/python3.10/dist-packages/person_msg-0.0.0-py3.10.egg-info/dependency_links.txt
[2.542s] -- Installing: /home/setsu/ros2_ws/src/person_msg/install/person_msg/local/lib/python3.10/dist-packages/person_msg-0.0.0-py3.10.egg-info/SOURCES.txt
[2.543s] -- Installing: /home/setsu/ros2_ws/src/person_msg/install/person_msg/local/lib/python3.10/dist-packages/person_msg-0.0.0-py3.10.egg-info/PKG-INFO
[2.543s] -- Installing: /home/setsu/ros2_ws/src/person_msg/install/person_msg/local/lib/python3.10/dist-packages/person_msg
[2.543s] -- Installing: /home/setsu/ros2_ws/src/person_msg/install/person_msg/local/lib/python3.10/dist-packages/person_msg/_person_msg_s.ep.rosidl_typesupport_fastrtps_c.c
[2.543s] -- Installing: /home/setsu/ros2_ws/src/person_msg/install/person_msg/local/lib/python3.10/dist-packages/person_msg/_person_msg_s.ep.rosidl_typesupport_introspection_c.c
[2.543s] -- Installing: /home/setsu/ros2_ws/src/person_msg/install/person_msg/local/lib/python3.10/dist-packages/person_msg/_person_msg_s.ep.rosidl_typesupport_c.c
[2.543s] -- Installing: /home/setsu/ros2_ws/src/person_msg/install/person_msg/local/lib/python3.10/dist-packages/person_msg/msg
[2.543s] -- Installing: /home/setsu/ros2_ws/src/person_msg/install/person_msg/local/lib/python3.10/dist-packages/person_msg/msg/_person.py
[2.543s] -- Installing: /home/setsu/ros2_ws/src/person_msg/install/person_msg/local/lib/python3.10/dist-packages/person_msg/msg/_person_s.c
[2.543s] -- Installing: /home/setsu/ros2_ws/src/person_msg/install/person_msg/local/lib/python3.10/dist-packages/person_msg/msg/__init__.py
[2.543s] -- Installing: /home/setsu/ros2_ws/src/person_msg/install/person_msg/local/lib/python3.10/dist-packages/person_msg/person_msg_s__rosidl_typesupport_c.cpython-310-x86_64-linux-gnu.so
[2.543s] -- Installing: /home/setsu/ros2_ws/src/person_msg/install/person_msg/local/lib/python3.10/dist-packages/person_msg/person_msg_s__rosidl_typesupport_introspection_c.cpython-310-x86_64-linux-gnu.so
[2.543s] -- Installing: /home/setsu/ros2_ws/src/person_msg/install/person_msg/local/lib/python3.10/dist-packages/person_msg/person_msg_s__rosidl_typesupport_fastrtps_c.cpython-310-x86_64-linux-gnu.so
[2.543s] -- Installing: /home/setsu/ros2_ws/src/person_msg/install/person_msg/local/lib/python3.10/dist-packages/person_msg/libperson_msg__rosidl_generator_py.so
[2.543s] -- Installing: /home/setsu/ros2_ws/src/person_msg/install/person_msg/local/lib/python3.10/dist-packages/person_msg/__init__.py
[2.565s] Listing '/home/setsu/ros2_ws/src/person_msg/install/person_msg/local/lib/python3.10/dist-packages/person_msg'...
[2.565s] Compiling '/home/setsu/ros2_ws/src/person_msg/install/person_msg/local/lib/python3.10/dist-packages/person_msg/__init__.py'...
[2.565s] Listing '/home/setsu/ros2_ws/src/person_msg/install/person_msg/local/lib/python3.10/dist-packages/person_msg/msg'...
[2.565s] Compiling '/home/setsu/ros2_ws/src/person_msg/install/person_msg/local/lib/python3.10/dist-packages/person_msg/msg/__init__.py'...
[2.565s] Compiling '/home/setsu/ros2_ws/src/person_msg/install/person_msg/local/lib/python3.10/dist-packages/person_msg/msg/_person.py'...
[2.568s] -- Installing: /home/setsu/ros2_ws/src/person_msg/install/person_msg/local/lib/python3.10/dist-packages/person_msg/person_msg_s__rosidl_typesupport_fastrtps_c.cpython-310-x86_64-linux-gnu.so
[2.568s] -- Set runtime path of "/home/setsu/ros2_ws/src/person_msg/install/person_msg/local/lib/python3.10/dist-packages/person_msg/person_msg_s__rosidl_typesupport_fastrtps_c.cpython-310-x86_64-linux-gnu.so" to ""
[2.568s] -- Installing: /home/setsu/ros2_ws/src/person_msg/install/person_msg/local/lib/python3.10/dist-packages/person_msg/person_msg_s__rosidl_typesupport_introspection_c.cpython-310-x86_64-linux-gnu.so
[2.568s] -- Set runtime path of "/home/setsu/ros2_ws/src/person_msg/install/person_msg/local/lib/python3.10/dist-packages/person_msg/person_msg_s__rosidl_typesupport_introspection_c.cpython-310-x86_64-linux-gnu.so" to ""
[2.568s] -- Installing: /home/setsu/ros2_ws/src/person_msg/install/person_msg/local/lib/python3.10/dist-packages/person_msg/person_msg_s__rosidl_typesupport_c.cpython-310-x86_64-linux-gnu.so
[2.569s] -- Set runtime path of "/home/setsu/ros2_ws/src/person_msg/install/person_msg/local/lib/python3.10/dist-packages/person_msg/person_msg_s__rosidl_typesupport_c.cpython-310-x86_64-linux-gnu.so" to ""
[2.569s] -- Installing: /home/setsu/ros2_ws/src/person_msg/install/person_msg/lib/libperson_msg__rosidl_generator_py.so
[2.569s] -- Set runtime path of "/home/setsu/ros2_ws/src/person_msg/install/person_msg/lib/libperson_msg__rosidl_generator_py.so" to ""
[2.569s] -- Installing: /home/setsu/ros2_ws/src/person_msg/install/person_msg/share/person_msg/msg/Person.idl
[2.569s] -- Installing: /home/setsu/ros2_ws/src/person_msg/install/person_msg/share/person_msg/msg/Person.msg
[2.569s] -- Installing: /home/setsu/ros2_ws/src/person_msg/install/person_msg/share/ament_index/resource_index/package_run_dependencies/person_msg
[2.570s] -- Installing: /home/setsu/ros2_ws/src/person_msg/install/person_msg/share/ament_index/resource_index/parent_prefix_path/person_msg
[2.570s] -- Installing: /home/setsu/ros2_ws/src/person_msg/install/person_msg/share/person_msg/environment/ament_prefix_path.sh
[2.570s] -- Installing: /home/setsu/ros2_ws/src/person_msg/install/person_msg/share/person_msg/environment/ament_prefix_path.dsv
[2.570s] -- Installing: /home/setsu/ros2_ws/src/person_msg/install/person_msg/share/person_msg/environment/path.sh
[2.570s] -- Installing: /home/setsu/ros2_ws/src/person_msg/install/person_msg/share/person_msg/environment/path.dsv
[2.570s] -- Installing: /home/setsu/ros2_ws/src/person_msg/install/person_msg/share/person_msg/local_setup.bash
[2.570s] -- Installing: /home/setsu/ros2_ws/src/person_msg/install/person_msg/share/person_msg/local_setup.sh
[2.570s] -- Installing: /home/setsu/ros2_ws/src/person_msg/install/person_msg/share/person_msg/local_setup.zsh
[2.571s] -- Installing: /home/setsu/ros2_ws/src/person_msg/install/person_msg/share/person_msg/local_setup.dsv
[2.571s] -- Installing: /home/setsu/ros2_ws/src/person_msg/install/person_msg/share/person_msg/package.dsv
[2.571s] -- Installing: /home/setsu/ros2_ws/src/person_msg/install/person_msg/share/ament_index/resource_index/packages/person_msg
[2.571s] -- Installing: /home/setsu/ros2_ws/src/person_msg/install/person_msg/share/person_msg/cmake/export_person_msg__rosidl_generator_cExport.cmake
[2.571s] -- Installing: /home/setsu/ros2_ws/src/person_msg/install/person_msg/share/person_msg/cmake/export_person_msg__rosidl_generator_cExport-noconfig.cmake
[2.571s] -- Installing: /home/setsu/ros2_ws/src/person_msg/install/person_msg/share/person_msg/cmake/export_person_msg__rosidl_typesupport_fastrtps_cExport.cmake
[2.571s] -- Installing: /home/setsu/ros2_ws/src/person_msg/install/person_msg/share/person_msg/cmake/export_person_msg__rosidl_typesupport_fastrtps_cExport-noconfig.cmake
[2.571s] -- Installing: /home/setsu/ros2_ws/src/person_msg/install/person_msg/share/person_msg/cmake/person_msg__rosidl_typesupport_introspection_cExport.cmake
[2.572s] -- Installing: /home/setsu/ros2_ws/src/person_msg/install/person_msg/share/person_msg/cmake/person_msg__rosidl_typesupport_introspection_cExport-noconfig.cmake
[2.572s] -- Installing: /home/setsu/ros2_ws/src/person_msg/install/person_msg/share/person_msg/cmake/person_msg__rosidl_typesupport_cExport.cmake
[2.572s] -- Installing: /home/setsu/ros2_ws/src/person_msg/install/person_msg/share/person_msg/cmake/person_msg__rosidl_typesupport_cExport-noconfig.cmake
[2.572s] -- Installing: /home/setsu/ros2_ws/src/person_msg/install/person_msg/share/person_msg/cmake/export_person_msg__rosidl_generator_cppExport.cmake
[2.572s] -- Installing: /home/setsu/ros2_ws/src/person_msg/install/person_msg/share/person_msg/cmake/export_person_msg__rosidl_typesupport_fastrtps_cppExport.cmake
[2.573s] -- Installing: /home/setsu/ros2_ws/src/person_msg/install/person_msg/share/person_msg/cmake/export_person_msg__rosidl_typesupport_fastrtps_cppExport-noconfig.cmake
[2.573s] -- Installing: /home/setsu/ros2_ws/src/person_msg/install/person_msg/share/person_msg/cmake/person_msg__rosidl_typesupport_introspection_cppExport.cmake
[2.573s] -- Installing: /home/setsu/ros2_ws/src/person_msg/install/person_msg/share/person_msg/cmake/person_msg__rosidl_typesupport_introspection_cppExport-noconfig.cmake
[2.573s] -- Installing: /home/setsu/ros2_ws/src/person_msg/install/person_msg/share/person_msg/cmake/person_msg__rosidl_typesupport_cppExport.cmake
[2.573s] -- Installing: /home/setsu/ros2_ws/src/person_msg/install/person_msg/share/person_msg/cmake/person_msg__rosidl_typesupport_cppExport-noconfig.cmake
[2.573s] -- Installing: /home/setsu/ros2_ws/src/person_msg/install/person_msg/share/person_msg/cmake/export_person_msg__rosidl_generator_pyExport.cmake
[2.573s] -- Installing: /home/setsu/ros2_ws/src/person_msg/install/person_msg/share/person_msg/cmake/export_person_msg__rosidl_generator_pyExport-noconfig.cmake
[2.573s] -- Installing: /home/setsu/ros2_ws/src/person_msg/install/person_msg/share/person_msg/cmake/rosidl_cmake-extras.cmake
[2.573s] -- Installing: /home/setsu/ros2_ws/src/person_msg/install/person_msg/share/person_msg/cmake/ament_cmake_export_include_directories-extras.cmake
[2.574s] -- Installing: /home/setsu/ros2_ws/src/person_msg/install/person_msg/share/person_msg/cmake/ament_cmake_export_libraries-extras.cmake
[2.574s] -- Installing: /home/setsu/ros2_ws/src/person_msg/install/person_msg/share/person_msg/cmake/ament_cmake_export_targets-extras.cmake
[2.574s] -- Installing: /home/setsu/ros2_ws/src/person_msg/install/person_msg/share/person_msg/cmake/rosidl_cmake_export_typesupport_targets-extras.cmake
[2.574s] -- Installing: /home/setsu/ros2_ws/src/person_msg/install/person_msg/share/person_msg/cmake/ament_cmake_export_dependencies-extras.cmake
[2.574s] -- Installing: /home/setsu/ros2_ws/src/person_msg/install/person_msg/share/person_msg/cmake/rosidl_cmake_export_typesupport_libraries-extras.cmake
[2.574s] -- Installing: /home/setsu/ros2_ws/src/person_msg/install/person_msg/share/person_msg/cmake/person_msgConfig.cmake
[2.574s] -- Installing: /home/setsu/ros2_ws/src/person_msg/install/person_msg/share/person_msg/cmake/person_msgConfig-version.cmake
[2.574s] -- Installing: /home/setsu/ros2_ws/src/person_msg/install/person_msg/share/person_msg/package.xml
[2.576s] Invoked command in '/home/setsu/ros2_ws/src/person_msg/build/person_msg' returned '0': CMAKE_PREFIX_PATH=/home/setsu/ros2_ws/install/mypkg:/opt/ros/humble /usr/bin/cmake --install /home/setsu/ros2_ws/src/person_msg/build/person_msg
