[0.007s] Invoking command in '/home/setsu/ros2_ws/src/person_msg/build/person_msg': CMAKE_PREFIX_PATH=/home/setsu/ros2_ws/install/mypkg:/opt/ros/humble /usr/bin/cmake /home/setsu/ros2_ws/src/person_msg -DCMAKE_INSTALL_PREFIX=/home/setsu/ros2_ws/src/person_msg/install/person_msg
[0.074s] -- The C compiler identification is GNU 11.3.0
[0.277s] -- The CXX compiler identification is GNU 11.3.0
[0.418s] -- Detecting C compiler ABI info
[0.488s] -- Detecting C compiler ABI info - done
[0.493s] -- Check for working C compiler: /usr/bin/cc - skipped
[0.493s] -- Detecting C compile features
[0.493s] -- Detecting C compile features - done
[0.495s] -- Detecting CXX compiler ABI info
[0.571s] -- Detecting CXX compiler ABI info - done
[0.576s] -- Check for working CXX compiler: /usr/bin/c++ - skipped
[0.576s] -- Detecting CXX compile features
[0.576s] -- Detecting CXX compile features - done
[0.578s] -- Found ament_cmake: 1.3.2 (/opt/ros/humble/share/ament_cmake/cmake)
[0.677s] -- Found Python3: /usr/bin/python3.10 (found version "3.10.6") found components: Interpreter 
[0.726s] -- Found rosidl_default_generators: 1.2.0 (/opt/ros/humble/share/rosidl_default_generators/cmake)
[0.728s] -- Using all available rosidl_typesupport_c: rosidl_typesupport_fastrtps_c;rosidl_typesupport_introspection_c
[0.732s] -- Found rosidl_adapter: 3.1.3 (/opt/ros/humble/share/rosidl_adapter/cmake)
[0.816s] -- Using all available rosidl_typesupport_cpp: rosidl_typesupport_fastrtps_cpp;rosidl_typesupport_introspection_cpp
[1.036s] [31mCMake Error at /opt/ros/humble/share/rosidl_adapter/cmake/rosidl_adapt_interfaces.cmake:59 (message):
[1.036s]   execute_process(/usr/bin/python3.10 -m rosidl_adapter --package-name
[1.036s]   person_msg --arguments-file
[1.036s]   /home/setsu/ros2_ws/src/person_msg/build/person_msg/rosidl_adapter__arguments__person_msg.json
[1.036s]   --output-dir
[1.036s]   /home/setsu/ros2_ws/src/person_msg/build/person_msg/rosidl_adapter/person_msg
[1.036s]   --output-file
[1.036s]   /home/setsu/ros2_ws/src/person_msg/build/person_msg/rosidl_adapter/person_msg.idls)
[1.036s]   returned error code 1:
[1.036s] 
[1.036s]   Traceback (most recent call last):
[1.036s] 
[1.036s]     File "/usr/lib/python3.10/runpy.py", line 196, in _run_module_as_main
[1.037s]       return _run_code(code, main_globals, None,
[1.037s]     File "/usr/lib/python3.10/runpy.py", line 86, in _run_code
[1.037s]       exec(code, run_globals)
[1.037s]     File "/opt/ros/humble/local/lib/python3.10/dist-packages/rosidl_adapter/__main__.py", line 19, in <module>
[1.037s]       sys.exit(main())
[1.037s]     File "/opt/ros/humble/local/lib/python3.10/dist-packages/rosidl_adapter/main.py", line 53, in main
[1.037s]       abs_idl_file = convert_to_idl(
[1.037s]     File "/opt/ros/humble/local/lib/python3.10/dist-packages/rosidl_adapter/__init__.py", line 19, in convert_to_idl
[1.037s]       return convert_msg_to_idl(
[1.037s]     File "/opt/ros/humble/local/lib/python3.10/dist-packages/rosidl_adapter/msg/__init__.py", line 28, in convert_msg_to_idl
[1.037s]       msg = parse_message_string(package_name, input_file.stem, content)
[1.037s]     File "/opt/ros/humble/local/lib/python3.10/dist-packages/rosidl_adapter/parser.py", line 544, in parse_message_string
[1.037s]       msg = MessageSpecification(pkg_name, msg_name, fields, constants)
[1.037s]     File "/opt/ros/humble/local/lib/python3.10/dist-packages/rosidl_adapter/parser.py", line 388, in __init__
[1.037s]       self.base_type = BaseType(
[1.037s]     File "/opt/ros/humble/local/lib/python3.10/dist-packages/rosidl_adapter/parser.py", line 205, in __init__
[1.037s]       raise InvalidResourceName(
[1.037s] 
[1.037s]   rosidl_adapter.parser.InvalidResourceName: 'person' is an invalid message
[1.037s]   name.  It should have the pattern '^[A-Z][A-Za-z0-9]*$'
[1.037s] 
[1.037s] Call Stack (most recent call first):
[1.037s]   /opt/ros/humble/share/rosidl_cmake/cmake/rosidl_generate_interfaces.cmake:130 (rosidl_adapt_interfaces)
[1.037s]   CMakeLists.txt:11 (rosidl_generate_interfaces)
[1.037s] 
[1.037s] [0m
[1.037s] -- Configuring incomplete, errors occurred!
[1.037s] See also "/home/setsu/ros2_ws/src/person_msg/build/person_msg/CMakeFiles/CMakeOutput.log".
[1.041s] Invoked command in '/home/setsu/ros2_ws/src/person_msg/build/person_msg' returned '1': CMAKE_PREFIX_PATH=/home/setsu/ros2_ws/install/mypkg:/opt/ros/humble /usr/bin/cmake /home/setsu/ros2_ws/src/person_msg -DCMAKE_INSTALL_PREFIX=/home/setsu/ros2_ws/src/person_msg/install/person_msg
